app/build/intermediates/manifest_merge_blame_file/debug/manifest-merger-blame-debug-report.txt
1<?xml version="1.0" encoding="utf-8"?>
2<manifest xmlns:android="http://schemas.android.com/apk/res/android"
3    package="com.sevenlearn.nikestore"
4    android:versionCode="1"
5    android:versionName="1.0" >
6
7    <uses-sdk
8        android:minSdkVersion="17"
8-->src\main\AndroidManifest.xml
9        android:targetSdkVersion="30" />
9-->src\main\AndroidManifest.xml
10
11    <uses-permission android:name="android.permission.INTERNET" />
11-->src\main\AndroidManifest.xml:5:5-67
11-->src\main\AndroidManifest.xml:5:22-64
12
13    <application
13-->src\main\AndroidManifest.xml:7:5-47:19
14        android:name="com.sevenlearn.nikestore.App"
14-->src\main\AndroidManifest.xml:8:9-28
15        android:allowBackup="true"
15-->src\main\AndroidManifest.xml:9:9-35
16        android:appComponentFactory="androidx.core.app.CoreComponentFactory"
16-->[androidx.core:core:1.3.2] AndroidManifest.xml:24:18-86
17        android:debuggable="true"
18        android:icon="@mipmap/ic_launcher"
18-->src\main\AndroidManifest.xml:10:9-43
19        android:label="@string/app_name"
19-->src\main\AndroidManifest.xml:11:9-41
20        android:roundIcon="@mipmap/ic_launcher_round"
20-->src\main\AndroidManifest.xml:12:9-54
21        android:supportsRtl="true"
21-->src\main\AndroidManifest.xml:13:9-35
22        android:testOnly="true"
23        android:theme="@style/Theme.NikeStore"
23-->src\main\AndroidManifest.xml:14:9-47
24        android:usesCleartextTraffic="true" >
24-->src\main\AndroidManifest.xml:15:9-44
25        <activity android:name="com.sevenlearn.nikestore.feature.order.OrderHistoryActivity" />
25-->src\main\AndroidManifest.xml:16:9-81
25-->src\main\AndroidManifest.xml:16:19-69
26        <activity android:name="com.sevenlearn.nikestore.feature.favorites.FavoriteProductsActivity" />
26-->src\main\AndroidManifest.xml:17:9-80
26-->src\main\AndroidManifest.xml:17:19-77
27        <activity android:name="com.sevenlearn.nikestore.feature.checkout.CheckOutActivity" >
27-->src\main\AndroidManifest.xml:18:9-30:20
27-->src\main\AndroidManifest.xml:18:19-68
28            <intent-filter>
28-->src\main\AndroidManifest.xml:19:13-29:29
29                <action android:name="android.intent.action.VIEW" />
29-->src\main\AndroidManifest.xml:20:17-69
29-->src\main\AndroidManifest.xml:20:25-66
30
31                <category android:name="android.intent.category.DEFAULT" />
31-->src\main\AndroidManifest.xml:22:17-76
31-->src\main\AndroidManifest.xml:22:27-73
32                <category android:name="android.intent.category.BROWSABLE" />
32-->src\main\AndroidManifest.xml:23:17-78
32-->src\main\AndroidManifest.xml:23:27-75
33
34                <data
34-->src\main\AndroidManifest.xml:25:17-28:45
35                    android:host="expertdevelopers.ir"
35-->src\main\AndroidManifest.xml:26:21-55
36                    android:pathPattern="/appCheckout"
36-->src\main\AndroidManifest.xml:27:21-55
37                    android:scheme="nike" />
37-->src\main\AndroidManifest.xml:28:21-42
38            </intent-filter>
39        </activity>
40        <activity android:name="com.sevenlearn.nikestore.feature.shipping.ShippingActivity" />
40-->src\main\AndroidManifest.xml:31:9-71
40-->src\main\AndroidManifest.xml:31:19-68
41        <activity
41-->src\main\AndroidManifest.xml:32:9-34:59
42            android:name="com.sevenlearn.nikestore.feature.auth.AuthActivity"
42-->src\main\AndroidManifest.xml:33:13-54
43            android:theme="@style/Theme.Nike.AuthTheme" />
43-->src\main\AndroidManifest.xml:34:13-56
44        <activity android:name="com.sevenlearn.nikestore.feature.list.ProductListActivity" />
44-->src\main\AndroidManifest.xml:35:9-70
44-->src\main\AndroidManifest.xml:35:19-67
45        <activity android:name="com.sevenlearn.nikestore.feature.product.comment.CommentListActivity" />
45-->src\main\AndroidManifest.xml:36:9-81
45-->src\main\AndroidManifest.xml:36:19-78
46        <activity android:name="com.sevenlearn.nikestore.feature.product.ProductDetailActivity" />
46-->src\main\AndroidManifest.xml:37:9-75
46-->src\main\AndroidManifest.xml:37:19-72
47        <activity
47-->src\main\AndroidManifest.xml:38:9-46:20
48            android:name="com.sevenlearn.nikestore.feature.main.MainActivity"
48-->src\main\AndroidManifest.xml:39:13-54
49            android:windowSoftInputMode="stateHidden" >
49-->src\main\AndroidManifest.xml:40:13-54
50            <intent-filter>
50-->src\main\AndroidManifest.xml:41:13-45:29
51                <action android:name="android.intent.action.MAIN" />
51-->src\main\AndroidManifest.xml:42:17-69
51-->src\main\AndroidManifest.xml:42:25-66
52
53                <category android:name="android.intent.category.LAUNCHER" />
53-->src\main\AndroidManifest.xml:44:17-77
53-->src\main\AndroidManifest.xml:44:27-74
54            </intent-filter>
55        </activity>
56
57        <service
57-->[androidx.room:room-runtime:2.2.6] AndroidManifest.xml:25:9-28:40
58            android:name="androidx.room.MultiInstanceInvalidationService"
58-->[androidx.room:room-runtime:2.2.6] AndroidManifest.xml:26:13-74
59            android:directBootAware="true"
59-->[androidx.room:room-runtime:2.2.6] AndroidManifest.xml:27:13-43
60            android:exported="false" />
60-->[androidx.room:room-runtime:2.2.6] AndroidManifest.xml:28:13-37
61
62        <provider
62-->[androidx.lifecycle:lifecycle-process:2.0.0] AndroidManifest.xml:23:9-27:43
63            android:name="androidx.lifecycle.ProcessLifecycleOwnerInitializer"
63-->[androidx.lifecycle:lifecycle-process:2.0.0] AndroidManifest.xml:24:13-79
64            android:authorities="com.sevenlearn.nikestore.lifecycle-process"
64-->[androidx.lifecycle:lifecycle-process:2.0.0] AndroidManifest.xml:25:13-69
65            android:exported="false"
65-->[androidx.lifecycle:lifecycle-process:2.0.0] AndroidManifest.xml:26:13-37
66            android:multiprocess="true" />
66-->[androidx.lifecycle:lifecycle-process:2.0.0] AndroidManifest.xml:27:13-40
67    </application>
68
69</manifest>